This file contains any messages produced by compilers while
running configure, to aid debugging if configure makes a mistake.

It was created by sqlite configure 3.25.3, which was
generated by GNU Autoconf 2.69.  Invocation command line was

  $ /home/lumos/juniorII/se/wordChain/lib/tcl8.6.9/pkgs/sqlite3.25.3/configure --with-tcl=../.. --with-tclinclude=/home/lumos/juniorII/se/wordChain/lib/tcl8.6.9/generic --libdir=/usr/local/lib --enable-shared --enable-threads

## --------- ##
## Platform. ##
## --------- ##

hostname = lumos-pc
uname -m = x86_64
uname -r = 4.15.0-46-generic
uname -s = Linux
uname -v = #49~16.04.1-Ubuntu SMP Tue Feb 12 17:45:24 UTC 2019

/usr/bin/uname -p = unknown
/bin/uname -X     = unknown

/bin/arch              = unknown
/usr/bin/arch -k       = unknown
/usr/convex/getsysinfo = unknown
/usr/bin/hostinfo      = unknown
/bin/machine           = unknown
/usr/bin/oslevel       = unknown
/bin/universe          = unknown

PATH: /home/lumos/bin
PATH: /home/lumos/.local/bin
PATH: /usr/local/sbin
PATH: /usr/local/bin
PATH: /usr/sbin
PATH: /usr/bin
PATH: /sbin
PATH: /bin
PATH: /usr/games
PATH: /usr/local/games
PATH: /snap/bin
PATH: /home/lumos/compilerH/llvm-install/bin


## ----------- ##
## Core tests. ##
## ----------- ##

configure:2232: checking TEA configuration
configure:2238: result: ok (TEA 3.13)
configure:2319: configuring sqlite 3.25.3
configure:2349: checking system version
configure:2372: result: Linux-4.15.0-46-generic
configure:2441: checking for Tcl configuration
configure:2574: result: found /home/lumos/juniorII/se/wordChain/lib/tcl8.6.9/unix/tclConfig.sh
configure:2627: checking for gcc
configure:2643: found /usr/bin/gcc
configure:2654: result: gcc
configure:2883: checking for C compiler version
configure:2892: gcc --version >&5
gcc (Ubuntu 5.4.0-6ubuntu1~16.04.11) 5.4.0 20160609
Copyright (C) 2015 Free Software Foundation, Inc.
This is free software; see the source for copying conditions.  There is NO
warranty; not even for MERCHANTABILITY or FITNESS FOR A PARTICULAR PURPOSE.

configure:2903: $? = 0
configure:2892: gcc -v >&5
Using built-in specs.
COLLECT_GCC=gcc
COLLECT_LTO_WRAPPER=/usr/lib/gcc/x86_64-linux-gnu/5/lto-wrapper
Target: x86_64-linux-gnu
Configured with: ../src/configure -v --with-pkgversion='Ubuntu 5.4.0-6ubuntu1~16.04.11' --with-bugurl=file:///usr/share/doc/gcc-5/README.Bugs --enable-languages=c,ada,c++,java,go,d,fortran,objc,obj-c++ --prefix=/usr --program-suffix=-5 --enable-shared --enable-linker-build-id --libexecdir=/usr/lib --without-included-gettext --enable-threads=posix --libdir=/usr/lib --enable-nls --with-sysroot=/ --enable-clocale=gnu --enable-libstdcxx-debug --enable-libstdcxx-time=yes --with-default-libstdcxx-abi=new --enable-gnu-unique-object --disable-vtable-verify --enable-libmpx --enable-plugin --with-system-zlib --disable-browser-plugin --enable-java-awt=gtk --enable-gtk-cairo --with-java-home=/usr/lib/jvm/java-1.5.0-gcj-5-amd64/jre --enable-java-home --with-jvm-root-dir=/usr/lib/jvm/java-1.5.0-gcj-5-amd64 --with-jvm-jar-dir=/usr/lib/jvm-exports/java-1.5.0-gcj-5-amd64 --with-arch-directory=amd64 --with-ecj-jar=/usr/share/java/eclipse-ecj.jar --enable-objc-gc --enable-multiarch --disable-werror --with-arch-32=i686 --with-abi=m64 --with-multilib-list=m32,m64,mx32 --enable-multilib --with-tune=generic --enable-checking=release --build=x86_64-linux-gnu --host=x86_64-linux-gnu --target=x86_64-linux-gnu
Thread model: posix
gcc version 5.4.0 20160609 (Ubuntu 5.4.0-6ubuntu1~16.04.11) 
configure:2903: $? = 0
configure:2892: gcc -V >&5
gcc: error: unrecognized command line option '-V'
gcc: fatal error: no input files
compilation terminated.
configure:2903: $? = 1
configure:2892: gcc -qversion >&5
gcc: error: unrecognized command line option '-qversion'
gcc: fatal error: no input files
compilation terminated.
configure:2903: $? = 1
configure:2923: checking whether the C compiler works
configure:2945: gcc    conftest.c  >&5
configure:2949: $? = 0
configure:2997: result: yes
configure:3000: checking for C compiler default output file name
configure:3002: result: a.out
configure:3008: checking for suffix of executables
configure:3015: gcc -o conftest    conftest.c  >&5
configure:3019: $? = 0
configure:3041: result: 
configure:3063: checking whether we are cross compiling
configure:3071: gcc -o conftest    conftest.c  >&5
configure:3075: $? = 0
configure:3082: ./conftest
configure:3086: $? = 0
configure:3101: result: no
configure:3106: checking for suffix of object files
configure:3128: gcc -c   conftest.c >&5
configure:3132: $? = 0
configure:3153: result: o
configure:3157: checking whether we are using the GNU C compiler
configure:3176: gcc -c   conftest.c >&5
configure:3176: $? = 0
configure:3185: result: yes
configure:3194: checking whether gcc accepts -g
configure:3214: gcc -c -g  conftest.c >&5
configure:3214: $? = 0
configure:3255: result: yes
configure:3272: checking for gcc option to accept ISO C89
configure:3335: gcc  -c   conftest.c >&5
configure:3335: $? = 0
configure:3348: result: none needed
configure:3370: checking for existence of /home/lumos/juniorII/se/wordChain/lib/tcl8.6.9/unix/tclConfig.sh
configure:3374: result: loading
configure:3438: checking platform
configure:3456: gcc -c   conftest.c >&5
configure:3456: $? = 0
configure:3506: result: unix
configure:3547: --prefix defaulting to TCL_PREFIX /usr/local
configure:3559: --exec-prefix defaulting to TCL_EXEC_PREFIX /usr/local
configure:3629: checking for gcc
configure:3656: result: gcc
configure:3885: checking for C compiler version
configure:3894: gcc --version >&5
gcc (Ubuntu 5.4.0-6ubuntu1~16.04.11) 5.4.0 20160609
Copyright (C) 2015 Free Software Foundation, Inc.
This is free software; see the source for copying conditions.  There is NO
warranty; not even for MERCHANTABILITY or FITNESS FOR A PARTICULAR PURPOSE.

configure:3905: $? = 0
configure:3894: gcc -v >&5
Using built-in specs.
COLLECT_GCC=gcc
COLLECT_LTO_WRAPPER=/usr/lib/gcc/x86_64-linux-gnu/5/lto-wrapper
Target: x86_64-linux-gnu
Configured with: ../src/configure -v --with-pkgversion='Ubuntu 5.4.0-6ubuntu1~16.04.11' --with-bugurl=file:///usr/share/doc/gcc-5/README.Bugs --enable-languages=c,ada,c++,java,go,d,fortran,objc,obj-c++ --prefix=/usr --program-suffix=-5 --enable-shared --enable-linker-build-id --libexecdir=/usr/lib --without-included-gettext --enable-threads=posix --libdir=/usr/lib --enable-nls --with-sysroot=/ --enable-clocale=gnu --enable-libstdcxx-debug --enable-libstdcxx-time=yes --with-default-libstdcxx-abi=new --enable-gnu-unique-object --disable-vtable-verify --enable-libmpx --enable-plugin --with-system-zlib --disable-browser-plugin --enable-java-awt=gtk --enable-gtk-cairo --with-java-home=/usr/lib/jvm/java-1.5.0-gcj-5-amd64/jre --enable-java-home --with-jvm-root-dir=/usr/lib/jvm/java-1.5.0-gcj-5-amd64 --with-jvm-jar-dir=/usr/lib/jvm-exports/java-1.5.0-gcj-5-amd64 --with-arch-directory=amd64 --with-ecj-jar=/usr/share/java/eclipse-ecj.jar --enable-objc-gc --enable-multiarch --disable-werror --with-arch-32=i686 --with-abi=m64 --with-multilib-list=m32,m64,mx32 --enable-multilib --with-tune=generic --enable-checking=release --build=x86_64-linux-gnu --host=x86_64-linux-gnu --target=x86_64-linux-gnu
Thread model: posix
gcc version 5.4.0 20160609 (Ubuntu 5.4.0-6ubuntu1~16.04.11) 
configure:3905: $? = 0
configure:3894: gcc -V >&5
gcc: error: unrecognized command line option '-V'
gcc: fatal error: no input files
compilation terminated.
configure:3905: $? = 1
configure:3894: gcc -qversion >&5
gcc: error: unrecognized command line option '-qversion'
gcc: fatal error: no input files
compilation terminated.
configure:3905: $? = 1
configure:3909: checking whether we are using the GNU C compiler
configure:3937: result: yes
configure:3946: checking whether gcc accepts -g
configure:4007: result: yes
configure:4024: checking for gcc option to accept ISO C89
configure:4100: result: none needed
configure:4125: checking how to run the C preprocessor
configure:4156: gcc -E  conftest.c
configure:4156: $? = 0
configure:4170: gcc -E  conftest.c
conftest.c:10:28: fatal error: ac_nonexistent.h: No such file or directory
compilation terminated.
configure:4170: $? = 1
configure: failed program was:
| /* confdefs.h */
| #define PACKAGE_NAME "sqlite"
| #define PACKAGE_TARNAME "sqlite"
| #define PACKAGE_VERSION "3.25.3"
| #define PACKAGE_STRING "sqlite 3.25.3"
| #define PACKAGE_BUGREPORT ""
| #define PACKAGE_URL ""
| #define BUILD_sqlite /**/
| /* end confdefs.h.  */
| #include <ac_nonexistent.h>
configure:4195: result: gcc -E
configure:4215: gcc -E  conftest.c
configure:4215: $? = 0
configure:4229: gcc -E  conftest.c
conftest.c:10:28: fatal error: ac_nonexistent.h: No such file or directory
compilation terminated.
configure:4229: $? = 1
configure: failed program was:
| /* confdefs.h */
| #define PACKAGE_NAME "sqlite"
| #define PACKAGE_TARNAME "sqlite"
| #define PACKAGE_VERSION "3.25.3"
| #define PACKAGE_STRING "sqlite 3.25.3"
| #define PACKAGE_BUGREPORT ""
| #define PACKAGE_URL ""
| #define BUILD_sqlite /**/
| /* end confdefs.h.  */
| #include <ac_nonexistent.h>
configure:4262: checking whether make sets $(MAKE)
configure:4284: result: yes
configure:4341: checking for ranlib
configure:4357: found /usr/bin/ranlib
configure:4368: result: ranlib
configure:4399: checking for grep that handles long lines and -e
configure:4457: result: /bin/grep
configure:4462: checking for egrep
configure:4524: result: /bin/grep -E
configure:4529: checking for ANSI C header files
configure:4549: gcc -c   conftest.c >&5
configure:4549: $? = 0
configure:4622: gcc -o conftest    conftest.c  >&5
configure:4622: $? = 0
configure:4622: ./conftest
configure:4622: $? = 0
configure:4633: result: yes
configure:4646: checking for sys/types.h
configure:4646: gcc -c   conftest.c >&5
configure:4646: $? = 0
configure:4646: result: yes
configure:4646: checking for sys/stat.h
configure:4646: gcc -c   conftest.c >&5
configure:4646: $? = 0
configure:4646: result: yes
configure:4646: checking for stdlib.h
configure:4646: gcc -c   conftest.c >&5
configure:4646: $? = 0
configure:4646: result: yes
configure:4646: checking for string.h
configure:4646: gcc -c   conftest.c >&5
configure:4646: $? = 0
configure:4646: result: yes
configure:4646: checking for memory.h
configure:4646: gcc -c   conftest.c >&5
configure:4646: $? = 0
configure:4646: result: yes
configure:4646: checking for strings.h
configure:4646: gcc -c   conftest.c >&5
configure:4646: $? = 0
configure:4646: result: yes
configure:4646: checking for inttypes.h
configure:4646: gcc -c   conftest.c >&5
configure:4646: $? = 0
configure:4646: result: yes
configure:4646: checking for stdint.h
configure:4646: gcc -c   conftest.c >&5
configure:4646: $? = 0
configure:4646: result: yes
configure:4646: checking for unistd.h
configure:4646: gcc -c   conftest.c >&5
configure:4646: $? = 0
configure:4646: result: yes
configure:4668: checking if the compiler understands -pipe
configure:4686: gcc -c  -pipe  conftest.c >&5
configure:4686: $? = 0
configure:4694: result: yes
configure:4705: checking whether byte ordering is bigendian
configure:4720: gcc -c  -pipe  conftest.c >&5
conftest.c:21:9: error: unknown type name 'not'
         not a universal capable compiler
         ^
conftest.c:21:15: error: expected '=', ',', ';', 'asm' or '__attribute__' before 'universal'
         not a universal capable compiler
               ^
conftest.c:21:15: error: unknown type name 'universal'
configure:4720: $? = 1
configure: failed program was:
| /* confdefs.h */
| #define PACKAGE_NAME "sqlite"
| #define PACKAGE_TARNAME "sqlite"
| #define PACKAGE_VERSION "3.25.3"
| #define PACKAGE_STRING "sqlite 3.25.3"
| #define PACKAGE_BUGREPORT ""
| #define PACKAGE_URL ""
| #define BUILD_sqlite /**/
| #define STDC_HEADERS 1
| #define HAVE_SYS_TYPES_H 1
| #define HAVE_SYS_STAT_H 1
| #define HAVE_STDLIB_H 1
| #define HAVE_STRING_H 1
| #define HAVE_MEMORY_H 1
| #define HAVE_STRINGS_H 1
| #define HAVE_INTTYPES_H 1
| #define HAVE_STDINT_H 1
| #define HAVE_UNISTD_H 1
| /* end confdefs.h.  */
| #ifndef __APPLE_CC__
| 	       not a universal capable compiler
| 	     #endif
| 	     typedef int dummy;
| 
configure:4765: gcc -c  -pipe  conftest.c >&5
configure:4765: $? = 0
configure:4783: gcc -c  -pipe  conftest.c >&5
conftest.c: In function 'main':
conftest.c:27:4: error: unknown type name 'not'
    not big endian
    ^
conftest.c:27:12: error: expected '=', ',', ';', 'asm' or '__attribute__' before 'endian'
    not big endian
            ^
configure:4783: $? = 1
configure: failed program was:
| /* confdefs.h */
| #define PACKAGE_NAME "sqlite"
| #define PACKAGE_TARNAME "sqlite"
| #define PACKAGE_VERSION "3.25.3"
| #define PACKAGE_STRING "sqlite 3.25.3"
| #define PACKAGE_BUGREPORT ""
| #define PACKAGE_URL ""
| #define BUILD_sqlite /**/
| #define STDC_HEADERS 1
| #define HAVE_SYS_TYPES_H 1
| #define HAVE_SYS_STAT_H 1
| #define HAVE_STDLIB_H 1
| #define HAVE_STRING_H 1
| #define HAVE_MEMORY_H 1
| #define HAVE_STRINGS_H 1
| #define HAVE_INTTYPES_H 1
| #define HAVE_STDINT_H 1
| #define HAVE_UNISTD_H 1
| /* end confdefs.h.  */
| #include <sys/types.h>
| 		#include <sys/param.h>
| 
| int
| main ()
| {
| #if BYTE_ORDER != BIG_ENDIAN
| 		 not big endian
| 		#endif
| 
|   ;
|   return 0;
| }
configure:4911: result: no
configure:5196: checking for Tcl public headers
configure:5267: result: /home/lumos/juniorII/se/wordChain/lib/tcl8.6.9/generic
configure:5328: checking for pthread_mutex_init in -lpthread
configure:5353: gcc -o conftest  -pipe   conftest.c -lpthread   >&5
configure:5353: $? = 0
configure:5362: result: yes
configure:5571: checking for building with threads
configure:5577: result: yes (default)
configure:5640: checking how to build libraries
configure:5674: result: shared
configure:5758: checking for ranlib
configure:5785: result: ranlib
configure:5812: checking if 64bit support is requested
configure:5821: result: no
configure:5826: checking if 64bit Sparc VIS support is requested
configure:5835: result: no
configure:5845: checking if compiler supports visibility "hidden"
configure:5865: gcc -o conftest  -pipe -Werror   conftest.c  >&5
configure:5865: $? = 0
configure:5874: result: yes
configure:5889: checking if rpath support is requested
configure:5898: result: yes
configure:5923: checking system version
configure:5946: result: Linux-4.15.0-46-generic
configure:6026: checking for ar
configure:6042: found /usr/bin/ar
configure:6053: result: ar
configure:7815: checking for cast to union support
configure:7834: gcc -c  -pipe  conftest.c >&5
configure:7834: $? = 0
configure:7842: result: yes
configure:7865: checking for required early compiler flags
configure:7883: gcc -c  -pipe  conftest.c >&5
configure:7883: $? = 0
configure:7930: gcc -c  -pipe  conftest.c >&5
conftest.c: In function 'main':
conftest.c:34:15: error: storage size of 'buf' isn't known
 struct stat64 buf; int i = stat64("/", &buf);
               ^
conftest.c:34:28: warning: implicit declaration of function 'stat64' [-Wimplicit-function-declaration]
 struct stat64 buf; int i = stat64("/", &buf);
                            ^
configure:7930: $? = 1
configure: failed program was:
| /* confdefs.h */
| #define PACKAGE_NAME "sqlite"
| #define PACKAGE_TARNAME "sqlite"
| #define PACKAGE_VERSION "3.25.3"
| #define PACKAGE_STRING "sqlite 3.25.3"
| #define PACKAGE_BUGREPORT ""
| #define PACKAGE_URL ""
| #define BUILD_sqlite /**/
| #define STDC_HEADERS 1
| #define HAVE_SYS_TYPES_H 1
| #define HAVE_SYS_STAT_H 1
| #define HAVE_STDLIB_H 1
| #define HAVE_STRING_H 1
| #define HAVE_MEMORY_H 1
| #define HAVE_STRINGS_H 1
| #define HAVE_INTTYPES_H 1
| #define HAVE_STDINT_H 1
| #define HAVE_UNISTD_H 1
| #define USE_THREAD_ALLOC 1
| #define _REENTRANT 1
| #define _THREAD_SAFE 1
| #define TCL_THREADS 1
| #define SQLITE_THREADSAFE 1
| #define USE_TCL_STUBS 1
| #define USE_TCLOO_STUBS 1
| #define MODULE_SCOPE extern __attribute__((__visibility__("hidden")))
| #define HAVE_HIDDEN 1
| #define HAVE_CAST_TO_UNION 1
| /* end confdefs.h.  */
| #include <sys/stat.h>
| int
| main ()
| {
| struct stat64 buf; int i = stat64("/", &buf);
|   ;
|   return 0;
| }
configure:7945: gcc -c  -pipe  conftest.c >&5
configure:7945: $? = 0
configure:7977: gcc -c  -pipe  conftest.c >&5
conftest.c: In function 'main':
conftest.c:35:19: error: 'open64' undeclared (first use in this function)
 char *p = (char *)open64;
                   ^
conftest.c:35:19: note: each undeclared identifier is reported only once for each function it appears in
configure:7977: $? = 1
configure: failed program was:
| /* confdefs.h */
| #define PACKAGE_NAME "sqlite"
| #define PACKAGE_TARNAME "sqlite"
| #define PACKAGE_VERSION "3.25.3"
| #define PACKAGE_STRING "sqlite 3.25.3"
| #define PACKAGE_BUGREPORT ""
| #define PACKAGE_URL ""
| #define BUILD_sqlite /**/
| #define STDC_HEADERS 1
| #define HAVE_SYS_TYPES_H 1
| #define HAVE_SYS_STAT_H 1
| #define HAVE_STDLIB_H 1
| #define HAVE_STRING_H 1
| #define HAVE_MEMORY_H 1
| #define HAVE_STRINGS_H 1
| #define HAVE_INTTYPES_H 1
| #define HAVE_STDINT_H 1
| #define HAVE_UNISTD_H 1
| #define USE_THREAD_ALLOC 1
| #define _REENTRANT 1
| #define _THREAD_SAFE 1
| #define TCL_THREADS 1
| #define SQLITE_THREADSAFE 1
| #define USE_TCL_STUBS 1
| #define USE_TCLOO_STUBS 1
| #define MODULE_SCOPE extern __attribute__((__visibility__("hidden")))
| #define HAVE_HIDDEN 1
| #define HAVE_CAST_TO_UNION 1
| #define _LARGEFILE64_SOURCE 1
| /* end confdefs.h.  */
| #include <sys/stat.h>
| int
| main ()
| {
| char *p = (char *)open64;
|   ;
|   return 0;
| }
configure:7992: gcc -c  -pipe  conftest.c >&5
conftest.c: In function 'main':
conftest.c:36:19: error: 'open64' undeclared (first use in this function)
 char *p = (char *)open64;
                   ^
conftest.c:36:19: note: each undeclared identifier is reported only once for each function it appears in
configure:7992: $? = 1
configure: failed program was:
| /* confdefs.h */
| #define PACKAGE_NAME "sqlite"
| #define PACKAGE_TARNAME "sqlite"
| #define PACKAGE_VERSION "3.25.3"
| #define PACKAGE_STRING "sqlite 3.25.3"
| #define PACKAGE_BUGREPORT ""
| #define PACKAGE_URL ""
| #define BUILD_sqlite /**/
| #define STDC_HEADERS 1
| #define HAVE_SYS_TYPES_H 1
| #define HAVE_SYS_STAT_H 1
| #define HAVE_STDLIB_H 1
| #define HAVE_STRING_H 1
| #define HAVE_MEMORY_H 1
| #define HAVE_STRINGS_H 1
| #define HAVE_INTTYPES_H 1
| #define HAVE_STDINT_H 1
| #define HAVE_UNISTD_H 1
| #define USE_THREAD_ALLOC 1
| #define _REENTRANT 1
| #define _THREAD_SAFE 1
| #define TCL_THREADS 1
| #define SQLITE_THREADSAFE 1
| #define USE_TCL_STUBS 1
| #define USE_TCLOO_STUBS 1
| #define MODULE_SCOPE extern __attribute__((__visibility__("hidden")))
| #define HAVE_HIDDEN 1
| #define HAVE_CAST_TO_UNION 1
| #define _LARGEFILE64_SOURCE 1
| /* end confdefs.h.  */
| #define _LARGEFILE_SOURCE64 1
| #include <sys/stat.h>
| int
| main ()
| {
| char *p = (char *)open64;
|   ;
|   return 0;
| }
configure:8013: result:  _LARGEFILE64_SOURCE
configure:8018: checking for 64-bit integer type
configure:8037: gcc -c  -pipe  conftest.c >&5
conftest.c: In function 'main':
conftest.c:35:1: error: unknown type name '__int64'
 __int64 value = (__int64) 0;
 ^
conftest.c:35:18: error: '__int64' undeclared (first use in this function)
 __int64 value = (__int64) 0;
                  ^
conftest.c:35:18: note: each undeclared identifier is reported only once for each function it appears in
conftest.c:35:27: error: expected ',' or ';' before numeric constant
 __int64 value = (__int64) 0;
                           ^
configure:8037: $? = 1
configure: failed program was:
| /* confdefs.h */
| #define PACKAGE_NAME "sqlite"
| #define PACKAGE_TARNAME "sqlite"
| #define PACKAGE_VERSION "3.25.3"
| #define PACKAGE_STRING "sqlite 3.25.3"
| #define PACKAGE_BUGREPORT ""
| #define PACKAGE_URL ""
| #define BUILD_sqlite /**/
| #define STDC_HEADERS 1
| #define HAVE_SYS_TYPES_H 1
| #define HAVE_SYS_STAT_H 1
| #define HAVE_STDLIB_H 1
| #define HAVE_STRING_H 1
| #define HAVE_MEMORY_H 1
| #define HAVE_STRINGS_H 1
| #define HAVE_INTTYPES_H 1
| #define HAVE_STDINT_H 1
| #define HAVE_UNISTD_H 1
| #define USE_THREAD_ALLOC 1
| #define _REENTRANT 1
| #define _THREAD_SAFE 1
| #define TCL_THREADS 1
| #define SQLITE_THREADSAFE 1
| #define USE_TCL_STUBS 1
| #define USE_TCLOO_STUBS 1
| #define MODULE_SCOPE extern __attribute__((__visibility__("hidden")))
| #define HAVE_HIDDEN 1
| #define HAVE_CAST_TO_UNION 1
| #define _LARGEFILE64_SOURCE 1
| /* end confdefs.h.  */
| 
| int
| main ()
| {
| __int64 value = (__int64) 0;
|   ;
|   return 0;
| }
configure:8059: gcc -c  -pipe  conftest.c >&5
conftest.c: In function 'main':
conftest.c:36:21: error: duplicate case value
             case 1: case (sizeof(long long)==sizeof(long)): ;
                     ^
conftest.c:36:13: error: previously used here
             case 1: case (sizeof(long long)==sizeof(long)): ;
             ^
configure:8059: $? = 1
configure: failed program was:
| /* confdefs.h */
| #define PACKAGE_NAME "sqlite"
| #define PACKAGE_TARNAME "sqlite"
| #define PACKAGE_VERSION "3.25.3"
| #define PACKAGE_STRING "sqlite 3.25.3"
| #define PACKAGE_BUGREPORT ""
| #define PACKAGE_URL ""
| #define BUILD_sqlite /**/
| #define STDC_HEADERS 1
| #define HAVE_SYS_TYPES_H 1
| #define HAVE_SYS_STAT_H 1
| #define HAVE_STDLIB_H 1
| #define HAVE_STRING_H 1
| #define HAVE_MEMORY_H 1
| #define HAVE_STRINGS_H 1
| #define HAVE_INTTYPES_H 1
| #define HAVE_STDINT_H 1
| #define HAVE_UNISTD_H 1
| #define USE_THREAD_ALLOC 1
| #define _REENTRANT 1
| #define _THREAD_SAFE 1
| #define TCL_THREADS 1
| #define SQLITE_THREADSAFE 1
| #define USE_TCL_STUBS 1
| #define USE_TCLOO_STUBS 1
| #define MODULE_SCOPE extern __attribute__((__visibility__("hidden")))
| #define HAVE_HIDDEN 1
| #define HAVE_CAST_TO_UNION 1
| #define _LARGEFILE64_SOURCE 1
| /* end confdefs.h.  */
| 
| int
| main ()
| {
| switch (0) {
|             case 1: case (sizeof(long long)==sizeof(long)): ;
|         }
|   ;
|   return 0;
| }
configure:8069: result: using long
configure:8213: checking for build with symbols
configure:8226: result: no
configure:8281: checking malloc.h usability
configure:8281: gcc -c  -pipe  conftest.c >&5
configure:8281: $? = 0
configure:8281: result: yes
configure:8281: checking malloc.h presence
configure:8281: gcc -E  conftest.c
configure:8281: $? = 0
configure:8281: result: yes
configure:8281: checking for malloc.h
configure:8281: result: yes
configure:8295: checking for fdatasync
configure:8295: gcc -o conftest  -pipe   -Wl,--export-dynamic  conftest.c  >&5
configure:8295: $? = 0
configure:8295: result: yes
configure:8295: checking for usleep
configure:8295: gcc -o conftest  -pipe   -Wl,--export-dynamic  conftest.c  >&5
configure:8295: $? = 0
configure:8295: result: yes
configure:8295: checking for strchrnul
configure:8295: gcc -o conftest  -pipe   -Wl,--export-dynamic  conftest.c  >&5
configure:8295: $? = 0
configure:8295: result: yes
configure:8295: checking for localtime_r
configure:8295: gcc -o conftest  -pipe   -Wl,--export-dynamic  conftest.c  >&5
configure:8295: $? = 0
configure:8295: result: yes
configure:8295: checking for gmtime_r
configure:8295: gcc -o conftest  -pipe   -Wl,--export-dynamic  conftest.c  >&5
configure:8295: $? = 0
configure:8295: result: yes
configure:8295: checking for localtime_s
configure:8295: gcc -o conftest  -pipe   -Wl,--export-dynamic  conftest.c  >&5
/tmp/ccwOd1zV.o: In function `main':
conftest.c:(.text+0xa): undefined reference to `localtime_s'
collect2: error: ld returned 1 exit status
configure:8295: $? = 1
configure: failed program was:
| /* confdefs.h */
| #define PACKAGE_NAME "sqlite"
| #define PACKAGE_TARNAME "sqlite"
| #define PACKAGE_VERSION "3.25.3"
| #define PACKAGE_STRING "sqlite 3.25.3"
| #define PACKAGE_BUGREPORT ""
| #define PACKAGE_URL ""
| #define BUILD_sqlite /**/
| #define STDC_HEADERS 1
| #define HAVE_SYS_TYPES_H 1
| #define HAVE_SYS_STAT_H 1
| #define HAVE_STDLIB_H 1
| #define HAVE_STRING_H 1
| #define HAVE_MEMORY_H 1
| #define HAVE_STRINGS_H 1
| #define HAVE_INTTYPES_H 1
| #define HAVE_STDINT_H 1
| #define HAVE_UNISTD_H 1
| #define USE_THREAD_ALLOC 1
| #define _REENTRANT 1
| #define _THREAD_SAFE 1
| #define TCL_THREADS 1
| #define SQLITE_THREADSAFE 1
| #define USE_TCL_STUBS 1
| #define USE_TCLOO_STUBS 1
| #define MODULE_SCOPE extern __attribute__((__visibility__("hidden")))
| #define HAVE_HIDDEN 1
| #define HAVE_CAST_TO_UNION 1
| #define _LARGEFILE64_SOURCE 1
| #define TCL_WIDE_INT_IS_LONG 1
| #define USE_TCL_STUBS 1
| #define HAVE_MALLOC_H 1
| #define HAVE_FDATASYNC 1
| #define HAVE_USLEEP 1
| #define HAVE_STRCHRNUL 1
| #define HAVE_LOCALTIME_R 1
| #define HAVE_GMTIME_R 1
| /* end confdefs.h.  */
| /* Define localtime_s to an innocuous variant, in case <limits.h> declares localtime_s.
|    For example, HP-UX 11i <limits.h> declares gettimeofday.  */
| #define localtime_s innocuous_localtime_s
| 
| /* System header to define __stub macros and hopefully few prototypes,
|     which can conflict with char localtime_s (); below.
|     Prefer <limits.h> to <assert.h> if __STDC__ is defined, since
|     <limits.h> exists even on freestanding compilers.  */
| 
| #ifdef __STDC__
| # include <limits.h>
| #else
| # include <assert.h>
| #endif
| 
| #undef localtime_s
| 
| /* Override any GCC internal prototype to avoid an error.
|    Use char because int might match the return type of a GCC
|    builtin and then its argument prototype would still apply.  */
| #ifdef __cplusplus
| extern "C"
| #endif
| char localtime_s ();
| /* The GNU C library defines this for functions which it implements
|     to always fail with ENOSYS.  Some functions are actually named
|     something starting with __ and the normal name is an alias.  */
| #if defined __stub_localtime_s || defined __stub___localtime_s
| choke me
| #endif
| 
| int
| main ()
| {
| return localtime_s ();
|   ;
|   return 0;
| }
configure:8295: result: no
configure:8295: checking for malloc_usable_size
configure:8295: gcc -o conftest  -pipe   -Wl,--export-dynamic  conftest.c  >&5
configure:8295: $? = 0
configure:8295: result: yes
configure:8295: checking for utime
configure:8295: gcc -o conftest  -pipe   -Wl,--export-dynamic  conftest.c  >&5
configure:8295: $? = 0
configure:8295: result: yes
configure:8295: checking for flock
configure:8295: gcc -o conftest  -pipe   -Wl,--export-dynamic  conftest.c  >&5
configure:8295: $? = 0
configure:8295: result: yes
configure:8295: checking for readlink
configure:8295: gcc -o conftest  -pipe   -Wl,--export-dynamic  conftest.c  >&5
configure:8295: $? = 0
configure:8295: result: yes
configure:8295: checking for lstat
configure:8295: gcc -o conftest  -pipe   -Wl,--export-dynamic  conftest.c  >&5
configure:8295: $? = 0
configure:8295: result: yes
configure:8295: checking for pread
configure:8295: gcc -o conftest  -pipe   -Wl,--export-dynamic  conftest.c  >&5
configure:8295: $? = 0
configure:8295: result: yes
configure:8295: checking for pread64
configure:8295: gcc -o conftest  -pipe   -Wl,--export-dynamic  conftest.c  >&5
configure:8295: $? = 0
configure:8295: result: yes
configure:8295: checking for pwrite
configure:8295: gcc -o conftest  -pipe   -Wl,--export-dynamic  conftest.c  >&5
configure:8295: $? = 0
configure:8295: result: yes
configure:8295: checking for pwrite64
configure:8295: gcc -o conftest  -pipe   -Wl,--export-dynamic  conftest.c  >&5
configure:8295: $? = 0
configure:8295: result: yes
configure:8295: checking for rand_s
configure:8295: gcc -o conftest  -pipe   -Wl,--export-dynamic  conftest.c  >&5
/tmp/ccEc09Hj.o: In function `main':
conftest.c:(.text+0xa): undefined reference to `rand_s'
collect2: error: ld returned 1 exit status
configure:8295: $? = 1
configure: failed program was:
| /* confdefs.h */
| #define PACKAGE_NAME "sqlite"
| #define PACKAGE_TARNAME "sqlite"
| #define PACKAGE_VERSION "3.25.3"
| #define PACKAGE_STRING "sqlite 3.25.3"
| #define PACKAGE_BUGREPORT ""
| #define PACKAGE_URL ""
| #define BUILD_sqlite /**/
| #define STDC_HEADERS 1
| #define HAVE_SYS_TYPES_H 1
| #define HAVE_SYS_STAT_H 1
| #define HAVE_STDLIB_H 1
| #define HAVE_STRING_H 1
| #define HAVE_MEMORY_H 1
| #define HAVE_STRINGS_H 1
| #define HAVE_INTTYPES_H 1
| #define HAVE_STDINT_H 1
| #define HAVE_UNISTD_H 1
| #define USE_THREAD_ALLOC 1
| #define _REENTRANT 1
| #define _THREAD_SAFE 1
| #define TCL_THREADS 1
| #define SQLITE_THREADSAFE 1
| #define USE_TCL_STUBS 1
| #define USE_TCLOO_STUBS 1
| #define MODULE_SCOPE extern __attribute__((__visibility__("hidden")))
| #define HAVE_HIDDEN 1
| #define HAVE_CAST_TO_UNION 1
| #define _LARGEFILE64_SOURCE 1
| #define TCL_WIDE_INT_IS_LONG 1
| #define USE_TCL_STUBS 1
| #define HAVE_MALLOC_H 1
| #define HAVE_FDATASYNC 1
| #define HAVE_USLEEP 1
| #define HAVE_STRCHRNUL 1
| #define HAVE_LOCALTIME_R 1
| #define HAVE_GMTIME_R 1
| #define HAVE_MALLOC_USABLE_SIZE 1
| #define HAVE_UTIME 1
| #define HAVE_FLOCK 1
| #define HAVE_READLINK 1
| #define HAVE_LSTAT 1
| #define HAVE_PREAD 1
| #define HAVE_PREAD64 1
| #define HAVE_PWRITE 1
| #define HAVE_PWRITE64 1
| /* end confdefs.h.  */
| /* Define rand_s to an innocuous variant, in case <limits.h> declares rand_s.
|    For example, HP-UX 11i <limits.h> declares gettimeofday.  */
| #define rand_s innocuous_rand_s
| 
| /* System header to define __stub macros and hopefully few prototypes,
|     which can conflict with char rand_s (); below.
|     Prefer <limits.h> to <assert.h> if __STDC__ is defined, since
|     <limits.h> exists even on freestanding compilers.  */
| 
| #ifdef __STDC__
| # include <limits.h>
| #else
| # include <assert.h>
| #endif
| 
| #undef rand_s
| 
| /* Override any GCC internal prototype to avoid an error.
|    Use char because int might match the return type of a GCC
|    builtin and then its argument prototype would still apply.  */
| #ifdef __cplusplus
| extern "C"
| #endif
| char rand_s ();
| /* The GNU C library defines this for functions which it implements
|     to always fail with ENOSYS.  Some functions are actually named
|     something starting with __ and the normal name is an alias.  */
| #if defined __stub_rand_s || defined __stub___rand_s
| choke me
| #endif
| 
| int
| main ()
| {
| return rand_s ();
|   ;
|   return 0;
| }
configure:8295: result: no
configure:8305: checking whether strerror_r is declared
configure:8305: gcc -c  -pipe  conftest.c >&5
configure:8305: $? = 0
configure:8305: result: yes
configure:8318: checking for strerror_r
configure:8318: gcc -o conftest  -pipe   -Wl,--export-dynamic  conftest.c  >&5
configure:8318: $? = 0
configure:8318: result: yes
configure:8327: checking whether strerror_r returns char *
configure:8351: gcc -c  -pipe  conftest.c >&5
conftest.c: In function 'main':
conftest.c:88:13: error: invalid type argument of unary '*' (have 'int')
    char x = *strerror_r (0, buf, sizeof buf);
             ^
conftest.c:89:14: warning: initialization makes pointer from integer without a cast [-Wint-conversion]
    char *p = strerror_r (0, buf, sizeof buf);
              ^
configure:8351: $? = 1
configure: failed program was:
| /* confdefs.h */
| #define PACKAGE_NAME "sqlite"
| #define PACKAGE_TARNAME "sqlite"
| #define PACKAGE_VERSION "3.25.3"
| #define PACKAGE_STRING "sqlite 3.25.3"
| #define PACKAGE_BUGREPORT ""
| #define PACKAGE_URL ""
| #define BUILD_sqlite /**/
| #define STDC_HEADERS 1
| #define HAVE_SYS_TYPES_H 1
| #define HAVE_SYS_STAT_H 1
| #define HAVE_STDLIB_H 1
| #define HAVE_STRING_H 1
| #define HAVE_MEMORY_H 1
| #define HAVE_STRINGS_H 1
| #define HAVE_INTTYPES_H 1
| #define HAVE_STDINT_H 1
| #define HAVE_UNISTD_H 1
| #define USE_THREAD_ALLOC 1
| #define _REENTRANT 1
| #define _THREAD_SAFE 1
| #define TCL_THREADS 1
| #define SQLITE_THREADSAFE 1
| #define USE_TCL_STUBS 1
| #define USE_TCLOO_STUBS 1
| #define MODULE_SCOPE extern __attribute__((__visibility__("hidden")))
| #define HAVE_HIDDEN 1
| #define HAVE_CAST_TO_UNION 1
| #define _LARGEFILE64_SOURCE 1
| #define TCL_WIDE_INT_IS_LONG 1
| #define USE_TCL_STUBS 1
| #define HAVE_MALLOC_H 1
| #define HAVE_FDATASYNC 1
| #define HAVE_USLEEP 1
| #define HAVE_STRCHRNUL 1
| #define HAVE_LOCALTIME_R 1
| #define HAVE_GMTIME_R 1
| #define HAVE_MALLOC_USABLE_SIZE 1
| #define HAVE_UTIME 1
| #define HAVE_FLOCK 1
| #define HAVE_READLINK 1
| #define HAVE_LSTAT 1
| #define HAVE_PREAD 1
| #define HAVE_PREAD64 1
| #define HAVE_PWRITE 1
| #define HAVE_PWRITE64 1
| #define HAVE_DECL_STRERROR_R 1
| #define HAVE_STRERROR_R 1
| /* end confdefs.h.  */
| #include <stdio.h>
| #ifdef HAVE_SYS_TYPES_H
| # include <sys/types.h>
| #endif
| #ifdef HAVE_SYS_STAT_H
| # include <sys/stat.h>
| #endif
| #ifdef STDC_HEADERS
| # include <stdlib.h>
| # include <stddef.h>
| #else
| # ifdef HAVE_STDLIB_H
| #  include <stdlib.h>
| # endif
| #endif
| #ifdef HAVE_STRING_H
| # if !defined STDC_HEADERS && defined HAVE_MEMORY_H
| #  include <memory.h>
| # endif
| # include <string.h>
| #endif
| #ifdef HAVE_STRINGS_H
| # include <strings.h>
| #endif
| #ifdef HAVE_INTTYPES_H
| # include <inttypes.h>
| #endif
| #ifdef HAVE_STDINT_H
| # include <stdint.h>
| #endif
| #ifdef HAVE_UNISTD_H
| # include <unistd.h>
| #endif
| int
| main ()
| {
| 
| 	  char buf[100];
| 	  char x = *strerror_r (0, buf, sizeof buf);
| 	  char *p = strerror_r (0, buf, sizeof buf);
| 	  return !p || x;
| 
|   ;
|   return 0;
| }
configure:8389: result: no
configure:8517: checking for tclsh
configure:8552: result: /home/lumos/juniorII/se/wordChain/lib/tcl8.6.9/unix/tclsh
configure:8718: creating ./config.status

## ---------------------- ##
## Running config.status. ##
## ---------------------- ##

This file was extended by sqlite config.status 3.25.3, which was
generated by GNU Autoconf 2.69.  Invocation command line was

  CONFIG_FILES    = 
  CONFIG_HEADERS  = 
  CONFIG_LINKS    = 
  CONFIG_COMMANDS = 
  $ ./config.status 

on lumos-pc

config.status:804: creating Makefile
config.status:804: creating pkgIndex.tcl

## ---------------- ##
## Cache variables. ##
## ---------------- ##

ac_cv_c_bigendian=no
ac_cv_c_compiler_gnu=yes
ac_cv_c_tclconfig=/home/lumos/juniorII/se/wordChain/lib/tcl8.6.9/unix
ac_cv_c_tclh=/home/lumos/juniorII/se/wordChain/lib/tcl8.6.9/generic
ac_cv_env_CC_set=
ac_cv_env_CC_value=
ac_cv_env_CFLAGS_set=
ac_cv_env_CFLAGS_value=
ac_cv_env_CPPFLAGS_set=
ac_cv_env_CPPFLAGS_value=
ac_cv_env_CPP_set=
ac_cv_env_CPP_value=
ac_cv_env_LDFLAGS_set=
ac_cv_env_LDFLAGS_value=
ac_cv_env_LIBS_set=
ac_cv_env_LIBS_value=
ac_cv_env_build_alias_set=
ac_cv_env_build_alias_value=
ac_cv_env_host_alias_set=
ac_cv_env_host_alias_value=
ac_cv_env_target_alias_set=
ac_cv_env_target_alias_value=
ac_cv_func_fdatasync=yes
ac_cv_func_flock=yes
ac_cv_func_gmtime_r=yes
ac_cv_func_localtime_r=yes
ac_cv_func_localtime_s=no
ac_cv_func_lstat=yes
ac_cv_func_malloc_usable_size=yes
ac_cv_func_pread64=yes
ac_cv_func_pread=yes
ac_cv_func_pwrite64=yes
ac_cv_func_pwrite=yes
ac_cv_func_rand_s=no
ac_cv_func_readlink=yes
ac_cv_func_strchrnul=yes
ac_cv_func_strerror_r=yes
ac_cv_func_strerror_r_char_p=no
ac_cv_func_usleep=yes
ac_cv_func_utime=yes
ac_cv_have_decl_strerror_r=yes
ac_cv_header_inttypes_h=yes
ac_cv_header_malloc_h=yes
ac_cv_header_memory_h=yes
ac_cv_header_stdc=yes
ac_cv_header_stdint_h=yes
ac_cv_header_stdlib_h=yes
ac_cv_header_string_h=yes
ac_cv_header_strings_h=yes
ac_cv_header_sys_stat_h=yes
ac_cv_header_sys_types_h=yes
ac_cv_header_unistd_h=yes
ac_cv_lib_pthread_pthread_mutex_init=yes
ac_cv_objext=o
ac_cv_path_EGREP='/bin/grep -E'
ac_cv_path_GREP=/bin/grep
ac_cv_prog_CPP='gcc -E'
ac_cv_prog_ac_ct_AR=ar
ac_cv_prog_ac_ct_CC=gcc
ac_cv_prog_ac_ct_RANLIB=ranlib
ac_cv_prog_cc_c89=
ac_cv_prog_cc_g=yes
ac_cv_prog_make_make_set=yes
tcl_cv_cast_to_union=yes
tcl_cv_cc_pipe=yes
tcl_cv_cc_visibility_hidden=yes
tcl_cv_flag__isoc99_source=no
tcl_cv_flag__largefile64_source=yes
tcl_cv_flag__largefile_source64=no
tcl_cv_sys_version=Linux-4.15.0-46-generic
tcl_cv_type_64bit=none

## ----------------- ##
## Output variables. ##
## ----------------- ##

AR='ar'
CC='gcc'
CELIB_DIR=''
CFLAGS=' -pipe ${CFLAGS_DEFAULT} ${CFLAGS_WARNING} ${SHLIB_CFLAGS} '
CFLAGS_DEBUG='-g'
CFLAGS_DEFAULT='-O2 -fomit-frame-pointer -DNDEBUG'
CFLAGS_OPTIMIZE='-O2 -fomit-frame-pointer'
CFLAGS_WARNING='-Wall'
CLEANFILES=''
CPP='gcc -E'
CPPFLAGS=''
CYGPATH='echo'
DEFS='-DPACKAGE_NAME=\"sqlite\" -DPACKAGE_TARNAME=\"sqlite\" -DPACKAGE_VERSION=\"3.25.3\" -DPACKAGE_STRING=\"sqlite\ 3.25.3\" -DPACKAGE_BUGREPORT=\"\" -DPACKAGE_URL=\"\" -DBUILD_sqlite=/\*\*/ -DSTDC_HEADERS=1 -DHAVE_SYS_TYPES_H=1 -DHAVE_SYS_STAT_H=1 -DHAVE_STDLIB_H=1 -DHAVE_STRING_H=1 -DHAVE_MEMORY_H=1 -DHAVE_STRINGS_H=1 -DHAVE_INTTYPES_H=1 -DHAVE_STDINT_H=1 -DHAVE_UNISTD_H=1 -DUSE_THREAD_ALLOC=1 -D_REENTRANT=1 -D_THREAD_SAFE=1 -DTCL_THREADS=1 -DSQLITE_THREADSAFE=1 -DUSE_TCL_STUBS=1 -DUSE_TCLOO_STUBS=1 -DMODULE_SCOPE=extern\ __attribute__\(\(__visibility__\(\"hidden\"\)\)\) -DHAVE_HIDDEN=1 -DHAVE_CAST_TO_UNION=1 -D_LARGEFILE64_SOURCE=1 -DTCL_WIDE_INT_IS_LONG=1 -DUSE_TCL_STUBS=1 -DHAVE_MALLOC_H=1 -DHAVE_FDATASYNC=1 -DHAVE_USLEEP=1 -DHAVE_STRCHRNUL=1 -DHAVE_LOCALTIME_R=1 -DHAVE_GMTIME_R=1 -DHAVE_MALLOC_USABLE_SIZE=1 -DHAVE_UTIME=1 -DHAVE_FLOCK=1 -DHAVE_READLINK=1 -DHAVE_LSTAT=1 -DHAVE_PREAD=1 -DHAVE_PREAD64=1 -DHAVE_PWRITE=1 -DHAVE_PWRITE64=1 -DHAVE_DECL_STRERROR_R=1 -DHAVE_STRERROR_R=1'
ECHO_C=''
ECHO_N='-n'
ECHO_T=''
EGREP='/bin/grep -E'
EXEEXT=''
GREP='/bin/grep'
INSTALL='$(SHELL) $(srcdir)/tclconfig/install-sh -c'
INSTALL_DATA='${INSTALL} -m 644'
INSTALL_DATA_DIR='${INSTALL} -d -m 755'
INSTALL_LIBRARY='${INSTALL} -m 644'
INSTALL_PROGRAM='${INSTALL} -m 755'
INSTALL_SCRIPT='${INSTALL} -m 755'
LDFLAGS=' -Wl,--export-dynamic '
LDFLAGS_DEFAULT=' -Wl,--export-dynamic '
LD_LIBRARY_PATH_VAR='LD_LIBRARY_PATH'
LIBOBJS=''
LIBS=''
LTLIBOBJS=''
MAKE_LIB='${SHLIB_LD} -o $@ $(PKG_OBJECTS) ${SHLIB_LD_LIBS} '
MAKE_SHARED_LIB='${SHLIB_LD} -o $@ $(PKG_OBJECTS) ${SHLIB_LD_LIBS}'
MAKE_STATIC_LIB='${STLIB_LD} $@ $(PKG_OBJECTS)'
MAKE_STUB_LIB='${STLIB_LD} $@ $(PKG_STUB_OBJECTS)'
OBJEXT='o'
PACKAGE_BUGREPORT=''
PACKAGE_NAME='sqlite'
PACKAGE_STRING='sqlite 3.25.3'
PACKAGE_TARNAME='sqlite'
PACKAGE_URL=''
PACKAGE_VERSION='3.25.3'
PATH_SEPARATOR=':'
PKG_CFLAGS=' -DSQLITE_ENABLE_DBPAGE_VTAB=1 -DSQLITE_ENABLE_DBSTAT_VTAB=1 -DSQLITE_ENABLE_FTS3_PARENTHESIS=1 -DSQLITE_ENABLE_FTS4=1 -DSQLITE_ENABLE_FTS5=1 -DSQLITE_ENABLE_COLUMN_METADATA=1 -DSQLITE_ENABLE_JSON1=1 -DSQLITE_3_SUFFIX_ONLY=1 -DSQLITE_ENABLE_RTREE=1 -DSQLITE_ENABLE_GEOPOLY=1 -DSQLITE_ENABLE_UPDATE_DELETE_LIMIT=1 -DSQLITE_LIKE_DOESNT_MATCH_BLOBS=1 -DSQLITE_UNTESTABLE=1 -DSQLITE_OMIT_DEPRECATED=1 -DSQLITE_OMIT_LOOKASIDE=1 -DSQLITE_SECURE_DELETE=1 -DSQLITE_SOUNDEX=1 -DSQLITE_USE_ALLOCA=1 -DSQLITE_WIN32_NO_ANSI=1 -DSQLITE_WIN32_GETVERSIONEX=0'
PKG_HEADERS=''
PKG_INCLUDES=' -I"/home/lumos/juniorII/se/wordChain/lib/tcl8.6.9/pkgs/sqlite3.25.3/generic"'
PKG_LIBS=' -lpthread'
PKG_LIB_FILE='libsqlite3.25.3.so'
PKG_OBJECTS=' tclsqlite3.o'
PKG_SOURCES=' tclsqlite3.c'
PKG_STUB_LIB_FILE='libsqlitestub3.25.3.a'
PKG_STUB_OBJECTS=''
PKG_STUB_SOURCES=''
PKG_TCL_SOURCES=''
RANLIB=':'
RANLIB_STUB='ranlib'
RC=''
SET_MAKE=''
SHARED_BUILD='1'
SHELL='/bin/bash'
SHLIB_CFLAGS='-fPIC'
SHLIB_LD='${CC} ${CFLAGS} ${LDFLAGS_DEFAULT} -shared'
SHLIB_LD_LIBS='${LIBS} -L/home/lumos/juniorII/se/wordChain/lib/tcl8.6.9/unix -ltclstub8.6'
STLIB_LD='${AR} cr'
STUBS_BUILD='1'
TCLSH_PROG='/home/lumos/juniorII/se/wordChain/lib/tcl8.6.9/unix/tclsh'
TCL_BIN_DIR='/home/lumos/juniorII/se/wordChain/lib/tcl8.6.9/unix'
TCL_DBGX=''
TCL_DEFS='-DPACKAGE_NAME=\"tcl\" -DPACKAGE_TARNAME=\"tcl\" -DPACKAGE_VERSION=\"8.6\" -DPACKAGE_STRING=\"tcl\ 8.6\" -DPACKAGE_BUGREPORT=\"\" -DSTDC_HEADERS=1 -DHAVE_SYS_TYPES_H=1 -DHAVE_SYS_STAT_H=1 -DHAVE_STDLIB_H=1 -DHAVE_STRING_H=1 -DHAVE_MEMORY_H=1 -DHAVE_STRINGS_H=1 -DHAVE_INTTYPES_H=1 -DHAVE_STDINT_H=1 -DHAVE_UNISTD_H=1 -DHAVE_SYS_PARAM_H=1 -DUSE_THREAD_ALLOC=1 -D_REENTRANT=1 -D_THREAD_SAFE=1 -DHAVE_PTHREAD_ATTR_SETSTACKSIZE=1 -DHAVE_PTHREAD_ATFORK=1 -DTCL_THREADS=1 -DTCL_CFGVAL_ENCODING=\"iso8859-1\" -DHAVE_ZLIB=1 -DMODULE_SCOPE=extern\ __attribute__\(\(__visibility__\(\"hidden\"\)\)\) -DHAVE_HIDDEN=1 -DHAVE_CAST_TO_UNION=1 -DTCL_SHLIB_EXT=\".so\" -DNDEBUG=1 -DTCL_CFG_OPTIMIZED=1 -DTCL_TOMMATH=1 -DMP_PREC=4 -D_LARGEFILE64_SOURCE=1 -DTCL_WIDE_INT_IS_LONG=1 -DHAVE_GETCWD=1 -DHAVE_MKSTEMP=1 -DHAVE_OPENDIR=1 -DHAVE_STRTOL=1 -DHAVE_WAITPID=1 -DHAVE_GETNAMEINFO=1 -DHAVE_GETADDRINFO=1 -DHAVE_FREEADDRINFO=1 -DHAVE_GAI_STRERROR=1 -DHAVE_STRUCT_ADDRINFO=1 -DHAVE_STRUCT_IN6_ADDR=1 -DHAVE_STRUCT_SOCKADDR_IN6=1 -DHAVE_STRUCT_SOCKADDR_STORAGE=1 -DHAVE_GETPWUID_R_5=1 -DHAVE_GETPWUID_R=1 -DHAVE_GETPWNAM_R_5=1 -DHAVE_GETPWNAM_R=1 -DHAVE_GETGRGID_R_5=1 -DHAVE_GETGRGID_R=1 -DHAVE_GETGRNAM_R_5=1 -DHAVE_GETGRNAM_R=1 -DHAVE_GETHOSTBYNAME_R_6=1 -DHAVE_GETHOSTBYNAME_R=1 -DHAVE_GETHOSTBYADDR_R_8=1 -DHAVE_GETHOSTBYADDR_R=1 -DHAVE_TERMIOS_H=1 -DHAVE_SYS_IOCTL_H=1 -DHAVE_SYS_TIME_H=1 -DTIME_WITH_SYS_TIME=1 -DHAVE_GMTIME_R=1 -DHAVE_LOCALTIME_R=1 -DHAVE_MKTIME=1 -DHAVE_TM_GMTOFF=1 -DHAVE_TIMEZONE_VAR=1 -DHAVE_STRUCT_STAT_ST_BLOCKS=1 -DHAVE_STRUCT_STAT_ST_BLKSIZE=1 -DHAVE_BLKCNT_T=1 -DHAVE_INTPTR_T=1 -DHAVE_UINTPTR_T=1 -DHAVE_SIGNED_CHAR=1 -DHAVE_LANGINFO=1 -DHAVE_MKSTEMPS=1 -DHAVE_FTS=1 -DHAVE_SYS_IOCTL_H=1 -DTCL_UNLOAD_DLLS=1 -DHAVE_CPUID=1 '
TCL_EXTRA_CFLAGS=' -pipe '
TCL_INCLUDES='-I"/home/lumos/juniorII/se/wordChain/lib/tcl8.6.9/generic"'
TCL_LD_FLAGS=' -Wl,--export-dynamic '
TCL_LIBS='-ldl  -lpthread -lm'
TCL_LIB_FILE='libtcl8.6.so'
TCL_LIB_FLAG='-ltcl8.6'
TCL_LIB_SPEC='-L/home/lumos/juniorII/se/wordChain/lib/tcl8.6.9/unix -ltcl8.6'
TCL_PATCH_LEVEL='.9'
TCL_SHLIB_LD_LIBS='${LIBS}'
TCL_SRC_DIR='/home/lumos/juniorII/se/wordChain/lib/tcl8.6.9'
TCL_STUB_LIB_FILE='libtclstub8.6.a'
TCL_STUB_LIB_FLAG='-ltclstub8.6'
TCL_STUB_LIB_SPEC='-L/home/lumos/juniorII/se/wordChain/lib/tcl8.6.9/unix -ltclstub8.6'
TCL_THREADS='1'
TCL_VERSION='8.6'
VC_MANIFEST_EMBED_DLL=''
VC_MANIFEST_EMBED_EXE=''
ac_ct_CC='gcc'
bindir='${exec_prefix}/bin'
build_alias=''
datadir='${datarootdir}'
datarootdir='${prefix}/share'
docdir='${datarootdir}/doc/${PACKAGE_TARNAME}'
dvidir='${docdir}'
exec_prefix='/usr/local'
host_alias=''
htmldir='${docdir}'
includedir='${prefix}/include'
infodir='${datarootdir}/info'
libdir='/usr/local/lib'
libexecdir='${exec_prefix}/libexec'
localedir='${datarootdir}/locale'
localstatedir='${prefix}/var'
mandir='${datarootdir}/man'
oldincludedir='/usr/include'
pdfdir='${docdir}'
prefix='/usr/local'
program_transform_name='s,x,x,'
psdir='${docdir}'
sbindir='${exec_prefix}/sbin'
sharedstatedir='${prefix}/com'
sysconfdir='${prefix}/etc'
target_alias=''

## ----------- ##
## confdefs.h. ##
## ----------- ##

/* confdefs.h */
#define PACKAGE_NAME "sqlite"
#define PACKAGE_TARNAME "sqlite"
#define PACKAGE_VERSION "3.25.3"
#define PACKAGE_STRING "sqlite 3.25.3"
#define PACKAGE_BUGREPORT ""
#define PACKAGE_URL ""
#define BUILD_sqlite /**/
#define STDC_HEADERS 1
#define HAVE_SYS_TYPES_H 1
#define HAVE_SYS_STAT_H 1
#define HAVE_STDLIB_H 1
#define HAVE_STRING_H 1
#define HAVE_MEMORY_H 1
#define HAVE_STRINGS_H 1
#define HAVE_INTTYPES_H 1
#define HAVE_STDINT_H 1
#define HAVE_UNISTD_H 1
#define USE_THREAD_ALLOC 1
#define _REENTRANT 1
#define _THREAD_SAFE 1
#define TCL_THREADS 1
#define SQLITE_THREADSAFE 1
#define USE_TCL_STUBS 1
#define USE_TCLOO_STUBS 1
#define MODULE_SCOPE extern __attribute__((__visibility__("hidden")))
#define HAVE_HIDDEN 1
#define HAVE_CAST_TO_UNION 1
#define _LARGEFILE64_SOURCE 1
#define TCL_WIDE_INT_IS_LONG 1
#define USE_TCL_STUBS 1
#define HAVE_MALLOC_H 1
#define HAVE_FDATASYNC 1
#define HAVE_USLEEP 1
#define HAVE_STRCHRNUL 1
#define HAVE_LOCALTIME_R 1
#define HAVE_GMTIME_R 1
#define HAVE_MALLOC_USABLE_SIZE 1
#define HAVE_UTIME 1
#define HAVE_FLOCK 1
#define HAVE_READLINK 1
#define HAVE_LSTAT 1
#define HAVE_PREAD 1
#define HAVE_PREAD64 1
#define HAVE_PWRITE 1
#define HAVE_PWRITE64 1
#define HAVE_DECL_STRERROR_R 1
#define HAVE_STRERROR_R 1

configure: exit 0
